<?xml version="1.0" encoding="UTF-8"?>
<testng-results ignored="0" total="1" passed="1" failed="0" skipped="0">
  <reporter-output>
  </reporter-output>
  <suite started-at="2023-10-15T15:37:08 EET" name="Default suite" finished-at="2023-10-15T15:38:07 EET" duration-ms="58746">
    <groups>
    </groups>
    <test started-at="2023-10-15T15:37:08 EET" name="Default test" finished-at="2023-10-15T15:38:07 EET" duration-ms="58746">
      <class name="myPackage.MobileTestFirst">
        <test-method is-config="true" signature="TheSetUp()[pri:0, instance:myPackage.MobileTestFirst@436813f3]" started-at="2023-10-15T15:37:08 EET" name="TheSetUp" finished-at="2023-10-15T15:37:08 EET" duration-ms="26" status="PASS">
          <reporter-output>
          </reporter-output>
        </test-method> <!-- TheSetUp -->
        <test-method signature="TestTheBrowser()[pri:0, instance:myPackage.MobileTestFirst@436813f3]" started-at="2023-10-15T15:37:08 EET" name="TestTheBrowser" finished-at="2023-10-15T15:38:07 EET" duration-ms="58639" status="PASS">
          <reporter-output>
          </reporter-output>
        </test-method> <!-- TestTheBrowser -->
        <test-method is-config="true" signature="PostTesting()[pri:0, instance:myPackage.MobileTestFirst@436813f3]" started-at="2023-10-15T15:38:07 EET" name="PostTesting" finished-at="2023-10-15T15:38:07 EET" duration-ms="0" status="PASS">
          <reporter-output>
          </reporter-output>
        </test-method> <!-- PostTesting -->
      </class> <!-- myPackage.MobileTestFirst -->
    </test> <!-- Default test -->
  </suite> <!-- Default suite -->
</testng-results>
